<?xml version="1.0" encoding="UTF-8"?>
<testsuite xmlns:xsi="http://www.w3.org/2001/XMLSchema-instance" xsi:noNamespaceSchemaLocation="https://maven.apache.org/surefire/maven-surefire-plugin/xsd/surefire-test-report-3.0.xsd" version="3.0" name="com.integral.account.resources.TransactionResourceTest" time="0.686" tests="1" errors="0" skipped="0" failures="0">
  <properties>
    <property name="java.specification.version" value="21"/>
    <property name="sun.jnu.encoding" value="UTF-8"/>
    <property name="java.class.path" value="/Users/zhengyanglu/Documents/JavaProjects/integral/AccountService/target/test-classes:/Users/zhengyanglu/Documents/JavaProjects/integral/AccountService/target/classes:/Users/zhengyanglu/.m2/repository/io/dropwizard/dropwizard-core/2.1.7/dropwizard-core-2.1.7.jar:/Users/zhengyanglu/.m2/repository/io/dropwizard/dropwizard-util/2.1.7/dropwizard-util-2.1.7.jar:/Users/zhengyanglu/.m2/repository/com/google/guava/guava/32.0.1-jre/guava-32.0.1-jre.jar:/Users/zhengyanglu/.m2/repository/com/google/guava/failureaccess/1.0.1/failureaccess-1.0.1.jar:/Users/zhengyanglu/.m2/repository/com/google/guava/listenablefuture/9999.0-empty-to-avoid-conflict-with-guava/listenablefuture-9999.0-empty-to-avoid-conflict-with-guava.jar:/Users/zhengyanglu/.m2/repository/org/checkerframework/checker-qual/3.35.0/checker-qual-3.35.0.jar:/Users/zhengyanglu/.m2/repository/com/google/errorprone/error_prone_annotations/2.10.0/error_prone_annotations-2.10.0.jar:/Users/zhengyanglu/.m2/repository/com/google/j2objc/j2objc-annotations/2.8/j2objc-annotations-2.8.jar:/Users/zhengyanglu/.m2/repository/io/dropwizard/dropwizard-jackson/2.1.7/dropwizard-jackson-2.1.7.jar:/Users/zhengyanglu/.m2/repository/com/github/ben-manes/caffeine/caffeine/2.9.3/caffeine-2.9.3.jar:/Users/zhengyanglu/.m2/repository/com/fasterxml/jackson/core/jackson-core/2.13.5/jackson-core-2.13.5.jar:/Users/zhengyanglu/.m2/repository/com/fasterxml/jackson/datatype/jackson-datatype-guava/2.13.5/jackson-datatype-guava-2.13.5.jar:/Users/zhengyanglu/.m2/repository/com/fasterxml/jackson/datatype/jackson-datatype-jsr310/2.13.5/jackson-datatype-jsr310-2.13.5.jar:/Users/zhengyanglu/.m2/repository/com/fasterxml/jackson/datatype/jackson-datatype-jdk8/2.13.5/jackson-datatype-jdk8-2.13.5.jar:/Users/zhengyanglu/.m2/repository/com/fasterxml/jackson/module/jackson-module-parameter-names/2.13.5/jackson-module-parameter-names-2.13.5.jar:/Users/zhengyanglu/.m2/repository/com/fasterxml/jackson/module/jackson-module-blackbird/2.13.5/jackson-module-blackbird-2.13.5.jar:/Users/zhengyanglu/.m2/repository/com/fasterxml/jackson/datatype/jackson-datatype-joda/2.13.5/jackson-datatype-joda-2.13.5.jar:/Users/zhengyanglu/.m2/repository/io/dropwizard/dropwizard-validation/2.1.7/dropwizard-validation-2.1.7.jar:/Users/zhengyanglu/.m2/repository/org/glassfish/jakarta.el/3.0.4/jakarta.el-3.0.4.jar:/Users/zhengyanglu/.m2/repository/io/dropwizard/dropwizard-configuration/2.1.7/dropwizard-configuration-2.1.7.jar:/Users/zhengyanglu/.m2/repository/com/fasterxml/jackson/dataformat/jackson-dataformat-yaml/2.13.5/jackson-dataformat-yaml-2.13.5.jar:/Users/zhengyanglu/.m2/repository/org/yaml/snakeyaml/1.31/snakeyaml-1.31.jar:/Users/zhengyanglu/.m2/repository/org/apache/commons/commons-text/1.10.0/commons-text-1.10.0.jar:/Users/zhengyanglu/.m2/repository/org/apache/commons/commons-lang3/3.12.0/commons-lang3-3.12.0.jar:/Users/zhengyanglu/.m2/repository/io/dropwizard/dropwizard-logging/2.1.7/dropwizard-logging-2.1.7.jar:/Users/zhengyanglu/.m2/repository/io/dropwizard/metrics/metrics-logback/4.2.19/metrics-logback-4.2.19.jar:/Users/zhengyanglu/.m2/repository/org/slf4j/jul-to-slf4j/1.7.36/jul-to-slf4j-1.7.36.jar:/Users/zhengyanglu/.m2/repository/ch/qos/logback/logback-core/1.2.12/logback-core-1.2.12.jar:/Users/zhengyanglu/.m2/repository/io/dropwizard/logback/logback-throttling-appender/1.1.10/logback-throttling-appender-1.1.10.jar:/Users/zhengyanglu/.m2/repository/org/slf4j/log4j-over-slf4j/1.7.36/log4j-over-slf4j-1.7.36.jar:/Users/zhengyanglu/.m2/repository/org/slf4j/jcl-over-slf4j/1.7.36/jcl-over-slf4j-1.7.36.jar:/Users/zhengyanglu/.m2/repository/io/dropwizard/dropwizard-metrics/2.1.7/dropwizard-metrics-2.1.7.jar:/Users/zhengyanglu/.m2/repository/io/dropwizard/dropwizard-jersey/2.1.7/dropwizard-jersey-2.1.7.jar:/Users/zhengyanglu/.m2/repository/org/glassfish/jersey/core/jersey-server/2.39.1/jersey-server-2.39.1.jar:/Users/zhengyanglu/.m2/repository/org/glassfish/jersey/ext/jersey-metainf-services/2.39.1/jersey-metainf-services-2.39.1.jar:/Users/zhengyanglu/.m2/repository/org/glassfish/jersey/inject/jersey-hk2/2.39.1/jersey-hk2-2.39.1.jar:/Users/zhengyanglu/.m2/repository/org/glassfish/hk2/hk2-locator/2.6.1/hk2-locator-2.6.1.jar:/Users/zhengyanglu/.m2/repository/org/javassist/javassist/3.29.2-GA/javassist-3.29.2-GA.jar:/Users/zhengyanglu/.m2/repository/io/dropwizard/metrics/metrics-jersey2/4.2.19/metrics-jersey2-4.2.19.jar:/Users/zhengyanglu/.m2/repository/com/fasterxml/jackson/jaxrs/jackson-jaxrs-json-provider/2.13.5/jackson-jaxrs-json-provider-2.13.5.jar:/Users/zhengyanglu/.m2/repository/com/fasterxml/jackson/jaxrs/jackson-jaxrs-base/2.13.5/jackson-jaxrs-base-2.13.5.jar:/Users/zhengyanglu/.m2/repository/com/fasterxml/jackson/module/jackson-module-jaxb-annotations/2.13.5/jackson-module-jaxb-annotations-2.13.5.jar:/Users/zhengyanglu/.m2/repository/jakarta/xml/bind/jakarta.xml.bind-api/2.3.3/jakarta.xml.bind-api-2.3.3.jar:/Users/zhengyanglu/.m2/repository/jakarta/activation/jakarta.activation-api/1.2.2/jakarta.activation-api-1.2.2.jar:/Users/zhengyanglu/.m2/repository/jakarta/annotation/jakarta.annotation-api/1.3.5/jakarta.annotation-api-1.3.5.jar:/Users/zhengyanglu/.m2/repository/joda-time/joda-time/2.12.5/joda-time-2.12.5.jar:/Users/zhengyanglu/.m2/repository/org/glassfish/hk2/hk2-api/2.6.1/hk2-api-2.6.1.jar:/Users/zhengyanglu/.m2/repository/org/glassfish/hk2/hk2-utils/2.6.1/hk2-utils-2.6.1.jar:/Users/zhengyanglu/.m2/repository/org/glassfish/hk2/external/aopalliance-repackaged/2.6.1/aopalliance-repackaged-2.6.1.jar:/Users/zhengyanglu/.m2/repository/org/glassfish/jersey/containers/jersey-container-servlet/2.39.1/jersey-container-servlet-2.39.1.jar:/Users/zhengyanglu/.m2/repository/org/glassfish/jersey/containers/jersey-container-servlet-core/2.39.1/jersey-container-servlet-core-2.39.1.jar:/Users/zhengyanglu/.m2/repository/org/glassfish/jersey/core/jersey-client/2.39.1/jersey-client-2.39.1.jar:/Users/zhengyanglu/.m2/repository/org/eclipse/jetty/jetty-io/9.4.51.v20230217/jetty-io-9.4.51.v20230217.jar:/Users/zhengyanglu/.m2/repository/io/dropwizard/dropwizard-servlets/2.1.7/dropwizard-servlets-2.1.7.jar:/Users/zhengyanglu/.m2/repository/io/dropwizard/dropwizard-jetty/2.1.7/dropwizard-jetty-2.1.7.jar:/Users/zhengyanglu/.m2/repository/org/eclipse/jetty/jetty-servlets/9.4.51.v20230217/jetty-servlets-9.4.51.v20230217.jar:/Users/zhengyanglu/.m2/repository/org/eclipse/jetty/jetty-continuation/9.4.51.v20230217/jetty-continuation-9.4.51.v20230217.jar:/Users/zhengyanglu/.m2/repository/org/eclipse/jetty/jetty-http/9.4.51.v20230217/jetty-http-9.4.51.v20230217.jar:/Users/zhengyanglu/.m2/repository/io/dropwizard/dropwizard-lifecycle/2.1.7/dropwizard-lifecycle-2.1.7.jar:/Users/zhengyanglu/.m2/repository/io/dropwizard/dropwizard-health/2.1.7/dropwizard-health-2.1.7.jar:/Users/zhengyanglu/.m2/repository/io/dropwizard/metrics/metrics-core/4.2.19/metrics-core-4.2.19.jar:/Users/zhengyanglu/.m2/repository/io/dropwizard/metrics/metrics-annotation/4.2.19/metrics-annotation-4.2.19.jar:/Users/zhengyanglu/.m2/repository/io/dropwizard/metrics/metrics-jetty9/4.2.19/metrics-jetty9-4.2.19.jar:/Users/zhengyanglu/.m2/repository/io/dropwizard/metrics/metrics-jvm/4.2.19/metrics-jvm-4.2.19.jar:/Users/zhengyanglu/.m2/repository/io/dropwizard/metrics/metrics-jmx/4.2.19/metrics-jmx-4.2.19.jar:/Users/zhengyanglu/.m2/repository/io/dropwizard/metrics/metrics-servlets/4.2.19/metrics-servlets-4.2.19.jar:/Users/zhengyanglu/.m2/repository/io/dropwizard/metrics/metrics-json/4.2.19/metrics-json-4.2.19.jar:/Users/zhengyanglu/.m2/repository/com/helger/profiler/1.1.1/profiler-1.1.1.jar:/Users/zhengyanglu/.m2/repository/io/dropwizard/metrics/metrics-healthchecks/4.2.19/metrics-healthchecks-4.2.19.jar:/Users/zhengyanglu/.m2/repository/io/dropwizard/dropwizard-request-logging/2.1.7/dropwizard-request-logging-2.1.7.jar:/Users/zhengyanglu/.m2/repository/ch/qos/logback/logback-access/1.2.12/logback-access-1.2.12.jar:/Users/zhengyanglu/.m2/repository/ch/qos/logback/logback-classic/1.2.12/logback-classic-1.2.12.jar:/Users/zhengyanglu/.m2/repository/com/fasterxml/jackson/core/jackson-databind/2.13.5/jackson-databind-2.13.5.jar:/Users/zhengyanglu/.m2/repository/com/google/code/findbugs/jsr305/3.0.2/jsr305-3.0.2.jar:/Users/zhengyanglu/.m2/repository/jakarta/servlet/jakarta.servlet-api/4.0.4/jakarta.servlet-api-4.0.4.jar:/Users/zhengyanglu/.m2/repository/jakarta/ws/rs/jakarta.ws.rs-api/2.1.6/jakarta.ws.rs-api-2.1.6.jar:/Users/zhengyanglu/.m2/repository/net/sourceforge/argparse4j/argparse4j/0.9.0/argparse4j-0.9.0.jar:/Users/zhengyanglu/.m2/repository/org/eclipse/jetty/jetty-security/9.4.51.v20230217/jetty-security-9.4.51.v20230217.jar:/Users/zhengyanglu/.m2/repository/org/eclipse/jetty/jetty-server/9.4.51.v20230217/jetty-server-9.4.51.v20230217.jar:/Users/zhengyanglu/.m2/repository/org/eclipse/jetty/jetty-servlet/9.4.51.v20230217/jetty-servlet-9.4.51.v20230217.jar:/Users/zhengyanglu/.m2/repository/org/eclipse/jetty/jetty-util-ajax/9.4.51.v20230217/jetty-util-ajax-9.4.51.v20230217.jar:/Users/zhengyanglu/.m2/repository/org/eclipse/jetty/jetty-util/9.4.51.v20230217/jetty-util-9.4.51.v20230217.jar:/Users/zhengyanglu/.m2/repository/org/eclipse/jetty/toolchain/setuid/jetty-setuid-java/1.0.4/jetty-setuid-java-1.0.4.jar:/Users/zhengyanglu/.m2/repository/jakarta/inject/jakarta.inject-api/1.0.5/jakarta.inject-api-1.0.5.jar:/Users/zhengyanglu/.m2/repository/org/glassfish/jersey/core/jersey-common/2.39.1/jersey-common-2.39.1.jar:/Users/zhengyanglu/.m2/repository/org/glassfish/hk2/osgi-resource-locator/1.0.3/osgi-resource-locator-1.0.3.jar:/Users/zhengyanglu/.m2/repository/org/glassfish/jersey/ext/jersey-bean-validation/2.39.1/jersey-bean-validation-2.39.1.jar:/Users/zhengyanglu/.m2/repository/org/slf4j/slf4j-api/1.7.36/slf4j-api-1.7.36.jar:/Users/zhengyanglu/.m2/repository/com/fasterxml/jackson/core/jackson-annotations/2.13.5/jackson-annotations-2.13.5.jar:/Users/zhengyanglu/.m2/repository/jakarta/validation/jakarta.validation-api/2.0.2/jakarta.validation-api-2.0.2.jar:/Users/zhengyanglu/.m2/repository/org/hibernate/validator/hibernate-validator/6.2.5.Final/hibernate-validator-6.2.5.Final.jar:/Users/zhengyanglu/.m2/repository/org/jboss/logging/jboss-logging/3.4.1.Final/jboss-logging-3.4.1.Final.jar:/Users/zhengyanglu/.m2/repository/com/fasterxml/classmate/1.5.1/classmate-1.5.1.jar:/Users/zhengyanglu/.m2/repository/org/mockito/mockito-inline/4.11.0/mockito-inline-4.11.0.jar:/Users/zhengyanglu/.m2/repository/org/mockito/mockito-core/4.11.0/mockito-core-4.11.0.jar:/Users/zhengyanglu/.m2/repository/net/bytebuddy/byte-buddy/1.14.5/byte-buddy-1.14.5.jar:/Users/zhengyanglu/.m2/repository/net/bytebuddy/byte-buddy-agent/1.12.19/byte-buddy-agent-1.12.19.jar:/Users/zhengyanglu/.m2/repository/org/objenesis/objenesis/3.3/objenesis-3.3.jar:/Users/zhengyanglu/.m2/repository/org/mockito/mockito-junit-jupiter/4.11.0/mockito-junit-jupiter-4.11.0.jar:/Users/zhengyanglu/.m2/repository/org/junit/jupiter/junit-jupiter-api/5.9.3/junit-jupiter-api-5.9.3.jar:/Users/zhengyanglu/.m2/repository/org/opentest4j/opentest4j/1.2.0/opentest4j-1.2.0.jar:/Users/zhengyanglu/.m2/repository/org/junit/platform/junit-platform-commons/1.9.3/junit-platform-commons-1.9.3.jar:/Users/zhengyanglu/.m2/repository/org/apiguardian/apiguardian-api/1.1.2/apiguardian-api-1.1.2.jar:/Users/zhengyanglu/.m2/repository/com/google/inject/extensions/guice-assistedinject/5.0.1/guice-assistedinject-5.0.1.jar:/Users/zhengyanglu/.m2/repository/com/google/inject/guice/5.0.1/guice-5.0.1.jar:/Users/zhengyanglu/.m2/repository/javax/inject/javax.inject/1/javax.inject-1.jar:/Users/zhengyanglu/.m2/repository/aopalliance/aopalliance/1.0/aopalliance-1.0.jar:/Users/zhengyanglu/.m2/repository/ru/vyarus/dropwizard-guicey/5.9.1/dropwizard-guicey-5.9.1.jar:/Users/zhengyanglu/.m2/repository/com/google/inject/extensions/guice-servlet/6.0.0/guice-servlet-6.0.0.jar:/Users/zhengyanglu/.m2/repository/ru/vyarus/generics-resolver/3.0.3/generics-resolver-3.0.3.jar:/Users/zhengyanglu/.m2/repository/com/google/auto/value/auto-value-annotations/1.10.4/auto-value-annotations-1.10.4.jar:/Users/zhengyanglu/.m2/repository/com/google/auto/value/auto-value/1.10.4/auto-value-1.10.4.jar:"/>
    <property name="java.vm.vendor" value="Homebrew"/>
    <property name="sun.arch.data.model" value="64"/>
    <property name="java.vendor.url" value="https://github.com/Homebrew/homebrew-core/issues"/>
    <property name="user.timezone" value="America/Toronto"/>
    <property name="os.name" value="Mac OS X"/>
    <property name="java.vm.specification.version" value="21"/>
    <property name="sun.java.launcher" value="SUN_STANDARD"/>
    <property name="user.country" value="CA"/>
    <property name="sun.boot.library.path" value="/opt/homebrew/Cellar/openjdk/21.0.1/libexec/openjdk.jdk/Contents/Home/lib"/>
    <property name="sun.java.command" value="/Users/zhengyanglu/Documents/JavaProjects/integral/AccountService/target/surefire/surefirebooter-20240209173706633_3.jar /Users/zhengyanglu/Documents/JavaProjects/integral/AccountService/target/surefire 2024-02-09T17-37-06_519-jvmRun1 surefire-20240209173706633_1tmp surefire_0-20240209173706633_2tmp"/>
    <property name="http.nonProxyHosts" value="local|*.local|169.254/16|*.169.254/16"/>
    <property name="jdk.debug" value="release"/>
    <property name="surefire.test.class.path" value="/Users/zhengyanglu/Documents/JavaProjects/integral/AccountService/target/test-classes:/Users/zhengyanglu/Documents/JavaProjects/integral/AccountService/target/classes:/Users/zhengyanglu/.m2/repository/io/dropwizard/dropwizard-core/2.1.7/dropwizard-core-2.1.7.jar:/Users/zhengyanglu/.m2/repository/io/dropwizard/dropwizard-util/2.1.7/dropwizard-util-2.1.7.jar:/Users/zhengyanglu/.m2/repository/com/google/guava/guava/32.0.1-jre/guava-32.0.1-jre.jar:/Users/zhengyanglu/.m2/repository/com/google/guava/failureaccess/1.0.1/failureaccess-1.0.1.jar:/Users/zhengyanglu/.m2/repository/com/google/guava/listenablefuture/9999.0-empty-to-avoid-conflict-with-guava/listenablefuture-9999.0-empty-to-avoid-conflict-with-guava.jar:/Users/zhengyanglu/.m2/repository/org/checkerframework/checker-qual/3.35.0/checker-qual-3.35.0.jar:/Users/zhengyanglu/.m2/repository/com/google/errorprone/error_prone_annotations/2.10.0/error_prone_annotations-2.10.0.jar:/Users/zhengyanglu/.m2/repository/com/google/j2objc/j2objc-annotations/2.8/j2objc-annotations-2.8.jar:/Users/zhengyanglu/.m2/repository/io/dropwizard/dropwizard-jackson/2.1.7/dropwizard-jackson-2.1.7.jar:/Users/zhengyanglu/.m2/repository/com/github/ben-manes/caffeine/caffeine/2.9.3/caffeine-2.9.3.jar:/Users/zhengyanglu/.m2/repository/com/fasterxml/jackson/core/jackson-core/2.13.5/jackson-core-2.13.5.jar:/Users/zhengyanglu/.m2/repository/com/fasterxml/jackson/datatype/jackson-datatype-guava/2.13.5/jackson-datatype-guava-2.13.5.jar:/Users/zhengyanglu/.m2/repository/com/fasterxml/jackson/datatype/jackson-datatype-jsr310/2.13.5/jackson-datatype-jsr310-2.13.5.jar:/Users/zhengyanglu/.m2/repository/com/fasterxml/jackson/datatype/jackson-datatype-jdk8/2.13.5/jackson-datatype-jdk8-2.13.5.jar:/Users/zhengyanglu/.m2/repository/com/fasterxml/jackson/module/jackson-module-parameter-names/2.13.5/jackson-module-parameter-names-2.13.5.jar:/Users/zhengyanglu/.m2/repository/com/fasterxml/jackson/module/jackson-module-blackbird/2.13.5/jackson-module-blackbird-2.13.5.jar:/Users/zhengyanglu/.m2/repository/com/fasterxml/jackson/datatype/jackson-datatype-joda/2.13.5/jackson-datatype-joda-2.13.5.jar:/Users/zhengyanglu/.m2/repository/io/dropwizard/dropwizard-validation/2.1.7/dropwizard-validation-2.1.7.jar:/Users/zhengyanglu/.m2/repository/org/glassfish/jakarta.el/3.0.4/jakarta.el-3.0.4.jar:/Users/zhengyanglu/.m2/repository/io/dropwizard/dropwizard-configuration/2.1.7/dropwizard-configuration-2.1.7.jar:/Users/zhengyanglu/.m2/repository/com/fasterxml/jackson/dataformat/jackson-dataformat-yaml/2.13.5/jackson-dataformat-yaml-2.13.5.jar:/Users/zhengyanglu/.m2/repository/org/yaml/snakeyaml/1.31/snakeyaml-1.31.jar:/Users/zhengyanglu/.m2/repository/org/apache/commons/commons-text/1.10.0/commons-text-1.10.0.jar:/Users/zhengyanglu/.m2/repository/org/apache/commons/commons-lang3/3.12.0/commons-lang3-3.12.0.jar:/Users/zhengyanglu/.m2/repository/io/dropwizard/dropwizard-logging/2.1.7/dropwizard-logging-2.1.7.jar:/Users/zhengyanglu/.m2/repository/io/dropwizard/metrics/metrics-logback/4.2.19/metrics-logback-4.2.19.jar:/Users/zhengyanglu/.m2/repository/org/slf4j/jul-to-slf4j/1.7.36/jul-to-slf4j-1.7.36.jar:/Users/zhengyanglu/.m2/repository/ch/qos/logback/logback-core/1.2.12/logback-core-1.2.12.jar:/Users/zhengyanglu/.m2/repository/io/dropwizard/logback/logback-throttling-appender/1.1.10/logback-throttling-appender-1.1.10.jar:/Users/zhengyanglu/.m2/repository/org/slf4j/log4j-over-slf4j/1.7.36/log4j-over-slf4j-1.7.36.jar:/Users/zhengyanglu/.m2/repository/org/slf4j/jcl-over-slf4j/1.7.36/jcl-over-slf4j-1.7.36.jar:/Users/zhengyanglu/.m2/repository/io/dropwizard/dropwizard-metrics/2.1.7/dropwizard-metrics-2.1.7.jar:/Users/zhengyanglu/.m2/repository/io/dropwizard/dropwizard-jersey/2.1.7/dropwizard-jersey-2.1.7.jar:/Users/zhengyanglu/.m2/repository/org/glassfish/jersey/core/jersey-server/2.39.1/jersey-server-2.39.1.jar:/Users/zhengyanglu/.m2/repository/org/glassfish/jersey/ext/jersey-metainf-services/2.39.1/jersey-metainf-services-2.39.1.jar:/Users/zhengyanglu/.m2/repository/org/glassfish/jersey/inject/jersey-hk2/2.39.1/jersey-hk2-2.39.1.jar:/Users/zhengyanglu/.m2/repository/org/glassfish/hk2/hk2-locator/2.6.1/hk2-locator-2.6.1.jar:/Users/zhengyanglu/.m2/repository/org/javassist/javassist/3.29.2-GA/javassist-3.29.2-GA.jar:/Users/zhengyanglu/.m2/repository/io/dropwizard/metrics/metrics-jersey2/4.2.19/metrics-jersey2-4.2.19.jar:/Users/zhengyanglu/.m2/repository/com/fasterxml/jackson/jaxrs/jackson-jaxrs-json-provider/2.13.5/jackson-jaxrs-json-provider-2.13.5.jar:/Users/zhengyanglu/.m2/repository/com/fasterxml/jackson/jaxrs/jackson-jaxrs-base/2.13.5/jackson-jaxrs-base-2.13.5.jar:/Users/zhengyanglu/.m2/repository/com/fasterxml/jackson/module/jackson-module-jaxb-annotations/2.13.5/jackson-module-jaxb-annotations-2.13.5.jar:/Users/zhengyanglu/.m2/repository/jakarta/xml/bind/jakarta.xml.bind-api/2.3.3/jakarta.xml.bind-api-2.3.3.jar:/Users/zhengyanglu/.m2/repository/jakarta/activation/jakarta.activation-api/1.2.2/jakarta.activation-api-1.2.2.jar:/Users/zhengyanglu/.m2/repository/jakarta/annotation/jakarta.annotation-api/1.3.5/jakarta.annotation-api-1.3.5.jar:/Users/zhengyanglu/.m2/repository/joda-time/joda-time/2.12.5/joda-time-2.12.5.jar:/Users/zhengyanglu/.m2/repository/org/glassfish/hk2/hk2-api/2.6.1/hk2-api-2.6.1.jar:/Users/zhengyanglu/.m2/repository/org/glassfish/hk2/hk2-utils/2.6.1/hk2-utils-2.6.1.jar:/Users/zhengyanglu/.m2/repository/org/glassfish/hk2/external/aopalliance-repackaged/2.6.1/aopalliance-repackaged-2.6.1.jar:/Users/zhengyanglu/.m2/repository/org/glassfish/jersey/containers/jersey-container-servlet/2.39.1/jersey-container-servlet-2.39.1.jar:/Users/zhengyanglu/.m2/repository/org/glassfish/jersey/containers/jersey-container-servlet-core/2.39.1/jersey-container-servlet-core-2.39.1.jar:/Users/zhengyanglu/.m2/repository/org/glassfish/jersey/core/jersey-client/2.39.1/jersey-client-2.39.1.jar:/Users/zhengyanglu/.m2/repository/org/eclipse/jetty/jetty-io/9.4.51.v20230217/jetty-io-9.4.51.v20230217.jar:/Users/zhengyanglu/.m2/repository/io/dropwizard/dropwizard-servlets/2.1.7/dropwizard-servlets-2.1.7.jar:/Users/zhengyanglu/.m2/repository/io/dropwizard/dropwizard-jetty/2.1.7/dropwizard-jetty-2.1.7.jar:/Users/zhengyanglu/.m2/repository/org/eclipse/jetty/jetty-servlets/9.4.51.v20230217/jetty-servlets-9.4.51.v20230217.jar:/Users/zhengyanglu/.m2/repository/org/eclipse/jetty/jetty-continuation/9.4.51.v20230217/jetty-continuation-9.4.51.v20230217.jar:/Users/zhengyanglu/.m2/repository/org/eclipse/jetty/jetty-http/9.4.51.v20230217/jetty-http-9.4.51.v20230217.jar:/Users/zhengyanglu/.m2/repository/io/dropwizard/dropwizard-lifecycle/2.1.7/dropwizard-lifecycle-2.1.7.jar:/Users/zhengyanglu/.m2/repository/io/dropwizard/dropwizard-health/2.1.7/dropwizard-health-2.1.7.jar:/Users/zhengyanglu/.m2/repository/io/dropwizard/metrics/metrics-core/4.2.19/metrics-core-4.2.19.jar:/Users/zhengyanglu/.m2/repository/io/dropwizard/metrics/metrics-annotation/4.2.19/metrics-annotation-4.2.19.jar:/Users/zhengyanglu/.m2/repository/io/dropwizard/metrics/metrics-jetty9/4.2.19/metrics-jetty9-4.2.19.jar:/Users/zhengyanglu/.m2/repository/io/dropwizard/metrics/metrics-jvm/4.2.19/metrics-jvm-4.2.19.jar:/Users/zhengyanglu/.m2/repository/io/dropwizard/metrics/metrics-jmx/4.2.19/metrics-jmx-4.2.19.jar:/Users/zhengyanglu/.m2/repository/io/dropwizard/metrics/metrics-servlets/4.2.19/metrics-servlets-4.2.19.jar:/Users/zhengyanglu/.m2/repository/io/dropwizard/metrics/metrics-json/4.2.19/metrics-json-4.2.19.jar:/Users/zhengyanglu/.m2/repository/com/helger/profiler/1.1.1/profiler-1.1.1.jar:/Users/zhengyanglu/.m2/repository/io/dropwizard/metrics/metrics-healthchecks/4.2.19/metrics-healthchecks-4.2.19.jar:/Users/zhengyanglu/.m2/repository/io/dropwizard/dropwizard-request-logging/2.1.7/dropwizard-request-logging-2.1.7.jar:/Users/zhengyanglu/.m2/repository/ch/qos/logback/logback-access/1.2.12/logback-access-1.2.12.jar:/Users/zhengyanglu/.m2/repository/ch/qos/logback/logback-classic/1.2.12/logback-classic-1.2.12.jar:/Users/zhengyanglu/.m2/repository/com/fasterxml/jackson/core/jackson-databind/2.13.5/jackson-databind-2.13.5.jar:/Users/zhengyanglu/.m2/repository/com/google/code/findbugs/jsr305/3.0.2/jsr305-3.0.2.jar:/Users/zhengyanglu/.m2/repository/jakarta/servlet/jakarta.servlet-api/4.0.4/jakarta.servlet-api-4.0.4.jar:/Users/zhengyanglu/.m2/repository/jakarta/ws/rs/jakarta.ws.rs-api/2.1.6/jakarta.ws.rs-api-2.1.6.jar:/Users/zhengyanglu/.m2/repository/net/sourceforge/argparse4j/argparse4j/0.9.0/argparse4j-0.9.0.jar:/Users/zhengyanglu/.m2/repository/org/eclipse/jetty/jetty-security/9.4.51.v20230217/jetty-security-9.4.51.v20230217.jar:/Users/zhengyanglu/.m2/repository/org/eclipse/jetty/jetty-server/9.4.51.v20230217/jetty-server-9.4.51.v20230217.jar:/Users/zhengyanglu/.m2/repository/org/eclipse/jetty/jetty-servlet/9.4.51.v20230217/jetty-servlet-9.4.51.v20230217.jar:/Users/zhengyanglu/.m2/repository/org/eclipse/jetty/jetty-util-ajax/9.4.51.v20230217/jetty-util-ajax-9.4.51.v20230217.jar:/Users/zhengyanglu/.m2/repository/org/eclipse/jetty/jetty-util/9.4.51.v20230217/jetty-util-9.4.51.v20230217.jar:/Users/zhengyanglu/.m2/repository/org/eclipse/jetty/toolchain/setuid/jetty-setuid-java/1.0.4/jetty-setuid-java-1.0.4.jar:/Users/zhengyanglu/.m2/repository/jakarta/inject/jakarta.inject-api/1.0.5/jakarta.inject-api-1.0.5.jar:/Users/zhengyanglu/.m2/repository/org/glassfish/jersey/core/jersey-common/2.39.1/jersey-common-2.39.1.jar:/Users/zhengyanglu/.m2/repository/org/glassfish/hk2/osgi-resource-locator/1.0.3/osgi-resource-locator-1.0.3.jar:/Users/zhengyanglu/.m2/repository/org/glassfish/jersey/ext/jersey-bean-validation/2.39.1/jersey-bean-validation-2.39.1.jar:/Users/zhengyanglu/.m2/repository/org/slf4j/slf4j-api/1.7.36/slf4j-api-1.7.36.jar:/Users/zhengyanglu/.m2/repository/com/fasterxml/jackson/core/jackson-annotations/2.13.5/jackson-annotations-2.13.5.jar:/Users/zhengyanglu/.m2/repository/jakarta/validation/jakarta.validation-api/2.0.2/jakarta.validation-api-2.0.2.jar:/Users/zhengyanglu/.m2/repository/org/hibernate/validator/hibernate-validator/6.2.5.Final/hibernate-validator-6.2.5.Final.jar:/Users/zhengyanglu/.m2/repository/org/jboss/logging/jboss-logging/3.4.1.Final/jboss-logging-3.4.1.Final.jar:/Users/zhengyanglu/.m2/repository/com/fasterxml/classmate/1.5.1/classmate-1.5.1.jar:/Users/zhengyanglu/.m2/repository/org/mockito/mockito-inline/4.11.0/mockito-inline-4.11.0.jar:/Users/zhengyanglu/.m2/repository/org/mockito/mockito-core/4.11.0/mockito-core-4.11.0.jar:/Users/zhengyanglu/.m2/repository/net/bytebuddy/byte-buddy/1.14.5/byte-buddy-1.14.5.jar:/Users/zhengyanglu/.m2/repository/net/bytebuddy/byte-buddy-agent/1.12.19/byte-buddy-agent-1.12.19.jar:/Users/zhengyanglu/.m2/repository/org/objenesis/objenesis/3.3/objenesis-3.3.jar:/Users/zhengyanglu/.m2/repository/org/mockito/mockito-junit-jupiter/4.11.0/mockito-junit-jupiter-4.11.0.jar:/Users/zhengyanglu/.m2/repository/org/junit/jupiter/junit-jupiter-api/5.9.3/junit-jupiter-api-5.9.3.jar:/Users/zhengyanglu/.m2/repository/org/opentest4j/opentest4j/1.2.0/opentest4j-1.2.0.jar:/Users/zhengyanglu/.m2/repository/org/junit/platform/junit-platform-commons/1.9.3/junit-platform-commons-1.9.3.jar:/Users/zhengyanglu/.m2/repository/org/apiguardian/apiguardian-api/1.1.2/apiguardian-api-1.1.2.jar:/Users/zhengyanglu/.m2/repository/com/google/inject/extensions/guice-assistedinject/5.0.1/guice-assistedinject-5.0.1.jar:/Users/zhengyanglu/.m2/repository/com/google/inject/guice/5.0.1/guice-5.0.1.jar:/Users/zhengyanglu/.m2/repository/javax/inject/javax.inject/1/javax.inject-1.jar:/Users/zhengyanglu/.m2/repository/aopalliance/aopalliance/1.0/aopalliance-1.0.jar:/Users/zhengyanglu/.m2/repository/ru/vyarus/dropwizard-guicey/5.9.1/dropwizard-guicey-5.9.1.jar:/Users/zhengyanglu/.m2/repository/com/google/inject/extensions/guice-servlet/6.0.0/guice-servlet-6.0.0.jar:/Users/zhengyanglu/.m2/repository/ru/vyarus/generics-resolver/3.0.3/generics-resolver-3.0.3.jar:/Users/zhengyanglu/.m2/repository/com/google/auto/value/auto-value-annotations/1.10.4/auto-value-annotations-1.10.4.jar:/Users/zhengyanglu/.m2/repository/com/google/auto/value/auto-value/1.10.4/auto-value-1.10.4.jar:"/>
    <property name="sun.cpu.endian" value="little"/>
    <property name="user.home" value="/Users/zhengyanglu"/>
    <property name="user.language" value="en"/>
    <property name="java.specification.vendor" value="Oracle Corporation"/>
    <property name="java.version.date" value="2023-10-17"/>
    <property name="java.home" value="/opt/homebrew/Cellar/openjdk/21.0.1/libexec/openjdk.jdk/Contents/Home"/>
    <property name="file.separator" value="/"/>
    <property name="basedir" value="/Users/zhengyanglu/Documents/JavaProjects/integral/AccountService"/>
    <property name="java.vm.compressedOopsMode" value="Zero based"/>
    <property name="line.separator" value="&#10;"/>
    <property name="java.vm.specification.vendor" value="Oracle Corporation"/>
    <property name="java.specification.name" value="Java Platform API Specification"/>
    <property name="apple.awt.application.name" value="ForkedBooter"/>
    <property name="surefire.real.class.path" value="/Users/zhengyanglu/Documents/JavaProjects/integral/AccountService/target/surefire/surefirebooter-20240209173706633_3.jar"/>
    <property name="sun.management.compiler" value="HotSpot 64-Bit Tiered Compilers"/>
    <property name="ftp.nonProxyHosts" value="local|*.local|169.254/16|*.169.254/16"/>
    <property name="java.runtime.version" value="21.0.1"/>
    <property name="user.name" value="zhengyanglu"/>
    <property name="stdout.encoding" value="UTF-8"/>
    <property name="path.separator" value=":"/>
    <property name="os.version" value="13.5.2"/>
    <property name="java.runtime.name" value="OpenJDK Runtime Environment"/>
    <property name="file.encoding" value="UTF-8"/>
    <property name="java.vm.name" value="OpenJDK 64-Bit Server VM"/>
    <property name="java.vendor.version" value="Homebrew"/>
    <property name="localRepository" value="/Users/zhengyanglu/.m2/repository"/>
    <property name="java.vendor.url.bug" value="https://github.com/Homebrew/homebrew-core/issues"/>
    <property name="java.io.tmpdir" value="/var/folders/t9/18x568z95ybc_8z6_fwrv0yr0000gn/T/"/>
    <property name="java.version" value="21.0.1"/>
    <property name="user.dir" value="/Users/zhengyanglu/Documents/JavaProjects/integral/AccountService"/>
    <property name="os.arch" value="aarch64"/>
    <property name="java.vm.specification.name" value="Java Virtual Machine Specification"/>
    <property name="native.encoding" value="UTF-8"/>
    <property name="java.library.path" value="/Users/zhengyanglu/Library/Java/Extensions:/Library/Java/Extensions:/Network/Library/Java/Extensions:/System/Library/Java/Extensions:/usr/lib/java:."/>
    <property name="java.vm.info" value="mixed mode, sharing"/>
    <property name="stderr.encoding" value="UTF-8"/>
    <property name="java.vendor" value="Homebrew"/>
    <property name="java.vm.version" value="21.0.1"/>
    <property name="sun.io.unicode.encoding" value="UnicodeBig"/>
    <property name="socksNonProxyHosts" value="local|*.local|169.254/16|*.169.254/16"/>
    <property name="java.class.version" value="65.0"/>
  </properties>
  <testcase name="testGetTransaction" classname="com.integral.account.resources.TransactionResourceTest" time="0.676">
    <system-err><![CDATA[WARNING: A Java agent has been loaded dynamically (/Users/zhengyanglu/.m2/repository/net/bytebuddy/byte-buddy-agent/1.12.19/byte-buddy-agent-1.12.19.jar)
WARNING: If a serviceability tool is in use, please run with -XX:+EnableDynamicAgentLoading to hide this warning
WARNING: If a serviceability tool is not in use, please run with -Djdk.instrument.traceUsage for more information
WARNING: Dynamic loading of agents will be disallowed by default in a future release
]]></system-err>
  </testcase>
</testsuite>